\BOOKMARK [1][-]{section.1}{\376\377\000P\000r\000e\000f\000a\000z\000i\000o\000n\000e}{}% 1
\BOOKMARK [1][-]{section.2}{\376\377\000S\000u\000p\000p\000o\000r\000t\000i\000n\000g\000\040\000P\000r\000o\000c\000e\000s\000s}{}% 2
\BOOKMARK [2][-]{subsection.2.1}{\376\377\000P\000r\000o\000c\000e\000s\000s\000o\000\040\000d\000i\000\040\000d\000o\000c\000u\000m\000e\000n\000t\000a\000z\000i\000o\000n\000e}{section.2}% 3
\BOOKMARK [3][-]{subsubsection.2.1.1}{\376\377\000I\000m\000p\000l\000e\000m\000e\000n\000t\000a\000z\000i\000o\000n\000e\000\040\000d\000e\000l\000\040\000p\000r\000o\000c\000e\000s\000s\000o}{subsection.2.1}% 4
\BOOKMARK [4][-]{paragraph.2.1.1.1}{\376\377\000N\000o\000r\000m\000e\000\040\000d\000i\000\040\000p\000r\000o\000g\000e\000t\000t\000o}{subsubsection.2.1.1}% 5
\BOOKMARK [4][-]{paragraph.2.1.1.2}{\376\377\000V\000e\000r\000b\000a\000l\000i\000\040\000i\000n\000t\000e\000r\000n\000i}{subsubsection.2.1.1}% 6
\BOOKMARK [4][-]{paragraph.2.1.1.3}{\376\377\000V\000e\000r\000b\000a\000l\000i\000\040\000e\000s\000t\000e\000r\000n\000i}{subsubsection.2.1.1}% 7
\BOOKMARK [4][-]{paragraph.2.1.1.4}{\376\377\000P\000i\000a\000n\000o\000\040\000d\000i\000\040\000Q\000u\000a\000l\000i\000f\000i\000c\000a}{subsubsection.2.1.1}% 8
\BOOKMARK [4][-]{paragraph.2.1.1.5}{\376\377\000L\000e\000t\000t\000e\000r\000a\000\040\000d\000i\000\040\000p\000r\000e\000s\000e\000n\000t\000a\000z\000i\000o\000n\000e\000\040\000\050\000C\000a\000n\000d\000i\000d\000a\000t\000u\000r\000a\000\051}{subsubsection.2.1.1}% 9
\BOOKMARK [4][-]{paragraph.2.1.1.6}{\376\377\000P\000r\000e\000v\000e\000n\000t\000i\000v\000o\000\040\000c\000o\000s\000t\000i\000\040\000e\000\040\000d\000e\000g\000l\000i\000\040\000i\000m\000p\000e\000g\000n\000i\000\040\000\050\000C\000a\000n\000d\000i\000d\000a\000t\000u\000r\000a\000\051}{subsubsection.2.1.1}% 10
\BOOKMARK [4][-]{paragraph.2.1.1.7}{\376\377\000V\000a\000l\000u\000t\000a\000z\000i\000o\000n\000e\000\040\000c\000a\000p\000i\000t\000o\000l\000a\000t\000i\000\040\000\050\000C\000a\000n\000d\000i\000d\000a\000t\000u\000r\000a\000\051}{subsubsection.2.1.1}% 11
\BOOKMARK [4][-]{paragraph.2.1.1.8}{\376\377\000A\000n\000a\000l\000i\000s\000i\000\040\000d\000e\000i\000\040\000r\000e\000q\000u\000i\000s\000i\000t\000i\000\040\000\050\000R\000T\000B\000\051}{subsubsection.2.1.1}% 12
\BOOKMARK [3][-]{subsubsection.2.1.2}{\376\377\000D\000e\000s\000i\000g\000n\000\040\000e\000\040\000d\000e\000v\000e\000l\000o\000p\000m\000e\000n\000t}{subsection.2.1}% 13
\BOOKMARK [4][-]{paragraph.2.1.2.1}{\376\377\000S\000t\000r\000u\000m\000e\000n\000t\000i\000\040\000p\000e\000r\000\040\000l\000a\000\040\000s\000t\000e\000s\000u\000r\000a\000\040\000d\000e\000i\000\040\000d\000o\000c\000u\000m\000e\000n\000t\000i}{subsubsection.2.1.2}% 14
\BOOKMARK [4][-]{paragraph.2.1.2.2}{\376\377\000I\000m\000p\000a\000g\000i\000n\000a\000z\000i\000o\000n\000e\000\040\000d\000i\000\040\000b\000a\000s\000e}{subsubsection.2.1.2}% 15
\BOOKMARK [4][-]{paragraph.2.1.2.3}{\376\377\000R\000e\000g\000o\000l\000e\000\040\000t\000i\000p\000o\000g\000r\000a\000f\000i\000c\000h\000e}{subsubsection.2.1.2}% 16
\BOOKMARK [4][-]{paragraph.2.1.2.4}{\376\377\000R\000e\000g\000i\000s\000t\000r\000o\000\040\000d\000e\000l\000l\000e\000\040\000m\000o\000d\000i\000f\000i\000c\000h\000e}{subsubsection.2.1.2}% 17
\BOOKMARK [4][-]{paragraph.2.1.2.5}{\376\377\000V\000e\000r\000s\000i\000o\000n\000a\000m\000e\000n\000t\000o}{subsubsection.2.1.2}% 18
\BOOKMARK [4][-]{paragraph.2.1.2.6}{\376\377\000C\000i\000c\000l\000o\000\040\000d\000i\000\040\000v\000i\000t\000a\000\040\000d\000e\000i\000\040\000d\000o\000c\000u\000m\000e\000n\000t\000i}{subsubsection.2.1.2}% 19
\BOOKMARK [3][-]{subsubsection.2.1.3}{\376\377\000P\000r\000o\000d\000u\000z\000i\000o\000n\000e}{subsection.2.1}% 20
\BOOKMARK [4][-]{paragraph.2.1.3.1}{\376\377\000V\000e\000r\000i\000f\000i\000c\000a\000\040\000d\000e\000l\000\040\000d\000o\000c\000u\000m\000e\000n\000t\000o}{subsubsection.2.1.3}% 21
\BOOKMARK [4][-]{paragraph.2.1.3.2}{\376\377\000M\000e\000t\000t\000e\000r\000e\000\040\000i\000n\000\040\000p\000r\000o\000d\000u\000z\000i\000o\000n\000e\000\040\000i\000l\000\040\000d\000o\000c\000u\000m\000e\000n\000t\000o}{subsubsection.2.1.3}% 22
\BOOKMARK [4][-]{paragraph.2.1.3.3}{\376\377\000C\000o\000n\000f\000i\000g\000u\000r\000a\000t\000i\000o\000n\000\040\000M\000a\000n\000a\000g\000m\000e\000n\000t\000\040\000p\000e\000r\000\040\000i\000\040\000d\000o\000c\000u\000m\000e\000n\000t\000i}{subsubsection.2.1.3}% 23
\BOOKMARK [3][-]{subsubsection.2.1.4}{\376\377\000M\000a\000n\000u\000t\000e\000n\000z\000i\000o\000n\000e}{subsection.2.1}% 24
\BOOKMARK [1][-]{section.3}{\376\377\000B\000i\000b\000l\000i\000o\000g\000r\000a\000f\000i\000a}{}% 25
